top - 13:04:55 up 10:01,  2 users,  load average: 0.49, 0.32, 0.18
Tasks:   1 total,   0 running,   1 sleeping,   0 stopped,   0 zombie
%Cpu(s):  0.0 us,  0.0 sy,  0.0 ni,100.0 id,  0.0 wa,  0.0 hi,  0.0 si,  0.0 st
MiB Mem :   7841.2 total,   6338.4 free,    526.5 used,    976.3 buff/cache
MiB Swap:   2048.0 total,   2048.0 free,      0.0 used.   7041.4 avail Mem 

    PID USER      PR  NI    VIRT    RES    SHR S  %CPU  %MEM     TIME+ COMMAND
  20833 root      20   0  311068  15032   1612 S   6.7   0.2   0:00.01 app

top - 13:04:56 up 10:01,  2 users,  load average: 0.49, 0.32, 0.18
Tasks:   1 total,   0 running,   1 sleeping,   0 stopped,   0 zombie
%Cpu(s):  5.0 us,  0.0 sy,  0.0 ni, 95.0 id,  0.0 wa,  0.0 hi,  0.0 si,  0.0 st
MiB Mem :   7841.2 total,   6338.4 free,    526.5 used,    976.3 buff/cache
MiB Swap:   2048.0 total,   2048.0 free,      0.0 used.   7041.4 avail Mem 

    PID USER      PR  NI    VIRT    RES    SHR S  %CPU  %MEM     TIME+ COMMAND
  20833 root      20   0   54048   1780   1612 S  57.0   0.0   0:00.58 app

top - 13:04:57 up 10:01,  2 users,  load average: 0.49, 0.32, 0.18
Tasks:   1 total,   0 running,   1 sleeping,   0 stopped,   0 zombie
%Cpu(s): 28.9 us,  0.0 sy,  0.0 ni, 71.1 id,  0.0 wa,  0.0 hi,  0.0 si,  0.0 st
MiB Mem :   7841.2 total,   6338.4 free,    526.5 used,    976.3 buff/cache
MiB Swap:   2048.0 total,   2048.0 free,      0.0 used.   7041.4 avail Mem 

    PID USER      PR  NI    VIRT    RES    SHR S  %CPU  %MEM     TIME+ COMMAND
  20833 root      20   0  380704   2368   1672 S 344.0   0.0   0:04.02 app

top - 13:04:58 up 10:01,  2 users,  load average: 0.49, 0.32, 0.18
Tasks:   1 total,   0 running,   1 sleeping,   0 stopped,   0 zombie
%Cpu(s): 33.3 us,  0.0 sy,  0.0 ni, 66.6 id,  0.0 wa,  0.0 hi,  0.2 si,  0.0 st
MiB Mem :   7841.2 total,   6350.2 free,    514.7 used,    976.3 buff/cache
MiB Swap:   2048.0 total,   2048.0 free,      0.0 used.   7053.1 avail Mem 

    PID USER      PR  NI    VIRT    RES    SHR S  %CPU  %MEM     TIME+ COMMAND
  20833 root      20   0  380704   2368   1672 S 400.0   0.0   0:08.02 app

top - 13:04:59 up 10:01,  2 users,  load average: 0.49, 0.32, 0.18
Tasks:   1 total,   0 running,   1 sleeping,   0 stopped,   0 zombie
%Cpu(s): 33.4 us,  0.1 sy,  0.0 ni, 66.2 id,  0.0 wa,  0.0 hi,  0.2 si,  0.0 st
MiB Mem :   7841.2 total,   6350.2 free,    514.7 used,    976.3 buff/cache
MiB Swap:   2048.0 total,   2048.0 free,      0.0 used.   7053.1 avail Mem 

    PID USER      PR  NI    VIRT    RES    SHR S  %CPU  %MEM     TIME+ COMMAND
  20833 root      20   0  380704   2368   1672 S 400.0   0.0   0:12.06 app

top - 13:05:00 up 10:01,  2 users,  load average: 0.77, 0.38, 0.20
Tasks:   1 total,   0 running,   1 sleeping,   0 stopped,   0 zombie
%Cpu(s): 33.2 us,  0.0 sy,  0.0 ni, 66.4 id,  0.1 wa,  0.0 hi,  0.2 si,  0.0 st
MiB Mem :   7841.2 total,   6350.2 free,    514.7 used,    976.3 buff/cache
MiB Swap:   2048.0 total,   2048.0 free,      0.0 used.   7053.1 avail Mem 

    PID USER      PR  NI    VIRT    RES    SHR S  %CPU  %MEM     TIME+ COMMAND
  20833 root      20   0  380704   2368   1672 S 400.0   0.0   0:16.06 app

top - 13:05:01 up 10:01,  2 users,  load average: 0.77, 0.38, 0.20
Tasks:   1 total,   0 running,   1 sleeping,   0 stopped,   0 zombie
%Cpu(s): 33.1 us,  0.0 sy,  0.0 ni, 66.3 id,  0.0 wa,  0.0 hi,  0.7 si,  0.0 st
MiB Mem :   7841.2 total,   6350.2 free,    514.7 used,    976.3 buff/cache
MiB Swap:   2048.0 total,   2048.0 free,      0.0 used.   7053.1 avail Mem 

    PID USER      PR  NI    VIRT    RES    SHR S  %CPU  %MEM     TIME+ COMMAND
  20833 root      20   0  380704   2368   1672 S 400.0   0.0   0:20.06 app

top - 13:05:02 up 10:01,  2 users,  load average: 0.77, 0.38, 0.20
Tasks:   1 total,   0 running,   1 sleeping,   0 stopped,   0 zombie
%Cpu(s): 33.3 us,  0.0 sy,  0.0 ni, 66.6 id,  0.0 wa,  0.0 hi,  0.1 si,  0.0 st
MiB Mem :   7841.2 total,   6350.2 free,    514.7 used,    976.3 buff/cache
MiB Swap:   2048.0 total,   2048.0 free,      0.0 used.   7053.1 avail Mem 

    PID USER      PR  NI    VIRT    RES    SHR S  %CPU  %MEM     TIME+ COMMAND
  20833 root      20   0  380704   2368   1672 S 400.0   0.0   0:24.06 app

top - 13:05:03 up 10:01,  2 users,  load average: 0.77, 0.38, 0.20
Tasks:   1 total,   0 running,   1 sleeping,   0 stopped,   0 zombie
%Cpu(s): 33.3 us,  0.0 sy,  0.0 ni, 66.6 id,  0.0 wa,  0.0 hi,  0.1 si,  0.0 st
MiB Mem :   7841.2 total,   6350.2 free,    514.7 used,    976.3 buff/cache
MiB Swap:   2048.0 total,   2048.0 free,      0.0 used.   7053.1 avail Mem 

    PID USER      PR  NI    VIRT    RES    SHR S  %CPU  %MEM     TIME+ COMMAND
  20833 root      20   0  380704   2368   1672 S 400.0   0.0   0:28.06 app

top - 13:05:04 up 10:01,  2 users,  load average: 0.77, 0.38, 0.20
Tasks:   1 total,   0 running,   1 sleeping,   0 stopped,   0 zombie
%Cpu(s): 33.2 us,  0.1 sy,  0.0 ni, 66.5 id,  0.0 wa,  0.0 hi,  0.2 si,  0.0 st
MiB Mem :   7841.2 total,   6348.2 free,    516.6 used,    976.3 buff/cache
MiB Swap:   2048.0 total,   2048.0 free,      0.0 used.   7051.2 avail Mem 

    PID USER      PR  NI    VIRT    RES    SHR S  %CPU  %MEM     TIME+ COMMAND
  20833 root      20   0  380704   2368   1672 S 400.0   0.0   0:32.06 app

top - 13:05:05 up 10:01,  2 users,  load average: 0.71, 0.37, 0.20
Tasks:   0 total,   0 running,   0 sleeping,   0 stopped,   0 zombie
%Cpu(s): 23.5 us,  0.0 sy,  0.0 ni, 76.3 id,  0.0 wa,  0.0 hi,  0.2 si,  0.0 st
MiB Mem :   7841.2 total,   6348.2 free,    516.6 used,    976.3 buff/cache
MiB Swap:   2048.0 total,   2048.0 free,      0.0 used.   7051.2 avail Mem 

    PID USER      PR  NI    VIRT    RES    SHR S  %CPU  %MEM     TIME+ COMMAND

top - 13:05:06 up 10:01,  2 users,  load average: 0.71, 0.37, 0.20
Tasks:   0 total,   0 running,   0 sleeping,   0 stopped,   0 zombie
%Cpu(s):  0.0 us,  0.0 sy,  0.0 ni,100.0 id,  0.0 wa,  0.0 hi,  0.0 si,  0.0 st
MiB Mem :   7841.2 total,   6348.2 free,    516.6 used,    976.3 buff/cache
MiB Swap:   2048.0 total,   2048.0 free,      0.0 used.   7051.2 avail Mem 

    PID USER      PR  NI    VIRT    RES    SHR S  %CPU  %MEM     TIME+ COMMAND

top - 13:05:07 up 10:01,  2 users,  load average: 0.71, 0.37, 0.20
Tasks:   0 total,   0 running,   0 sleeping,   0 stopped,   0 zombie
%Cpu(s):  0.0 us,  0.0 sy,  0.0 ni,100.0 id,  0.0 wa,  0.0 hi,  0.0 si,  0.0 st
MiB Mem :   7841.2 total,   6348.7 free,    516.2 used,    976.3 buff/cache
MiB Swap:   2048.0 total,   2048.0 free,      0.0 used.   7051.6 avail Mem 

    PID USER      PR  NI    VIRT    RES    SHR S  %CPU  %MEM     TIME+ COMMAND

top - 13:05:08 up 10:01,  2 users,  load average: 0.71, 0.37, 0.20
Tasks:   0 total,   0 running,   0 sleeping,   0 stopped,   0 zombie
%Cpu(s):  0.0 us,  0.0 sy,  0.0 ni,100.0 id,  0.0 wa,  0.0 hi,  0.0 si,  0.0 st
MiB Mem :   7841.2 total,   6348.7 free,    516.2 used,    976.3 buff/cache
MiB Swap:   2048.0 total,   2048.0 free,      0.0 used.   7051.6 avail Mem 

    PID USER      PR  NI    VIRT    RES    SHR S  %CPU  %MEM     TIME+ COMMAND

top - 13:05:09 up 10:01,  2 users,  load average: 0.71, 0.37, 0.20
Tasks:   0 total,   0 running,   0 sleeping,   0 stopped,   0 zombie
%Cpu(s):  0.0 us,  0.0 sy,  0.0 ni,100.0 id,  0.0 wa,  0.0 hi,  0.0 si,  0.0 st
MiB Mem :   7841.2 total,   6348.7 free,    516.2 used,    976.3 buff/cache
MiB Swap:   2048.0 total,   2048.0 free,      0.0 used.   7051.6 avail Mem 

    PID USER      PR  NI    VIRT    RES    SHR S  %CPU  %MEM     TIME+ COMMAND
